Using pre-set license
Built from '2020.3/release' branch; Version is '2020.3.7f1 (dd97f2c94397) revision 14522354'; Using compiler version '192528614'; Build Type 'Release'
OS: 'Windows 10 Home; OS build 19042.985; Version 2009; 64bit' Language: 'ko' Physical Memory: 32694 MB
BatchMode: 1, IsHumanControllingUs: 0, StartBugReporterOnCrash: 0, Is64bit: 1, IsPro: 0

 COMMAND LINE ARGUMENTS:
C:\Program Files\Unity\Hub\Editor\2020.3.7f1\Editor\Unity.exe
-adb2
-batchMode
-noUpm
-name
AssetImportWorker0
-projectPath
C:/Users/USER/WSL/AutoPilotSimulator/Driving Simulator
-logFile
Logs/AssetImportWorker0.log
-srvPort
57865
Successfully changed project path to: C:/Users/USER/WSL/AutoPilotSimulator/Driving Simulator
C:/Users/USER/WSL/AutoPilotSimulator/Driving Simulator
Using Asset Import Pipeline V2.
Refreshing native plugins compatible for Editor in 31.13 ms, found 0 plugins.
Preloading 0 native plugins for Editor in 0.00 ms.
Initialize engine version: 2020.3.7f1 (dd97f2c94397)
[Subsystems] Discovering subsystems at path C:/Program Files/Unity/Hub/Editor/2020.3.7f1/Editor/Data/Resources/UnitySubsystems
[Subsystems] Discovering subsystems at path C:/Users/USER/WSL/AutoPilotSimulator/Driving Simulator/Assets
GfxDevice: creating device client; threaded=0
Direct3D:
    Version:  Direct3D 11.0 [level 11.1]
    Renderer: AMD Radeon RX 6700 XT (ID=0x73df)
    Vendor:   
    VRAM:     12244 MB
    Driver:   27.20.15003.5017
Initialize mono
Mono path[0] = 'C:/Program Files/Unity/Hub/Editor/2020.3.7f1/Editor/Data/Managed'
Mono path[1] = 'C:/Program Files/Unity/Hub/Editor/2020.3.7f1/Editor/Data/MonoBleedingEdge/lib/mono/unityjit'
Mono config path = 'C:/Program Files/Unity/Hub/Editor/2020.3.7f1/Editor/Data/MonoBleedingEdge/etc'
Using monoOptions --debugger-agent=transport=dt_socket,embedding=1,server=y,suspend=n,address=127.0.0.1:56656
Begin MonoManager ReloadAssembly
Registering precompiled unity dll's ...
Register platform support module: C:/Program Files/Unity/Hub/Editor/2020.3.7f1/Editor/Data/PlaybackEngines/WindowsStandaloneSupport/UnityEditor.WindowsStandalone.Extensions.dll
Registered in 0.002686 seconds.
Native extension for WindowsStandalone target not found
Refreshing native plugins compatible for Editor in 33.08 ms, found 0 plugins.
Preloading 0 native plugins for Editor in 0.00 ms.
Mono: successfully reloaded assembly
- Completed reload, in  0.861 seconds
Platform modules already initialized, skipping
Registering precompiled user dll's ...
Registered in 0.001799 seconds.
Begin MonoManager ReloadAssembly
Native extension for WindowsStandalone target not found
Refreshing native plugins compatible for Editor in 41.97 ms, found 0 plugins.
Preloading 0 native plugins for Editor in 0.00 ms.
Mono: successfully reloaded assembly
- Completed reload, in  0.775 seconds
Platform modules already initialized, skipping
========================================================================
Worker process is ready to serve import requests
Launched and connected shader compiler UnityShaderCompiler.exe after 0.04 seconds
Refreshing native plugins compatible for Editor in 0.46 ms, found 0 plugins.
Preloading 0 native plugins for Editor in 0.00 ms.
Unloading 1826 Unused Serialized files (Serialized files now loaded: 0)
System memory in use before: 173.0 MB.
System memory in use after: 173.0 MB.

Unloading 13 unused Assets to reduce memory usage. Loaded Objects now: 2300.
Total: 2.027300 ms (FindLiveObjects: 0.244200 ms CreateObjectMapping: 0.038900 ms MarkObjects: 1.642100 ms  DeleteObjects: 0.101400 ms)

========================================================================
Received Import Request.
  path: Assets/MyFolder/Good Driver #.SportsCar.prefab
  artifactKey: Guid(8cd693b0e9166924d9b94c7c2ab04dfd) Importer(815301076,1909f56bfc062723c751e8b465ee728b)
Start importing Assets/MyFolder/Good Driver #.SportsCar.prefab using Guid(8cd693b0e9166924d9b94c7c2ab04dfd) Importer(815301076,1909f56bfc062723c751e8b465ee728b)  -> (artifact id: '4be71c9784b5724a93cb39654e58ca18') in 0.399613 seconds
  Import took 0.404486 seconds .

========================================================================
Received Import Request.
  Time since last request: 7.272431 seconds.
  path: Assets/MyFolder/Good Driver #.SportsCar.prefab
  artifactKey: Guid(8cd693b0e9166924d9b94c7c2ab04dfd) Importer(815301076,1909f56bfc062723c751e8b465ee728b)
Start importing Assets/MyFolder/Good Driver #.SportsCar.prefab using Guid(8cd693b0e9166924d9b94c7c2ab04dfd) Importer(815301076,1909f56bfc062723c751e8b465ee728b)  -> (artifact id: '432a2a09000afbe0bb66c2048770b59e') in 0.051555 seconds
  Import took 0.056187 seconds .

========================================================================
Received Import Request.
  Time since last request: 5.641553 seconds.
  path: Assets/MyFolder/Good Driver #.SportsCar.prefab
  artifactKey: Guid(8cd693b0e9166924d9b94c7c2ab04dfd) Importer(815301076,1909f56bfc062723c751e8b465ee728b)
Start importing Assets/MyFolder/Good Driver #.SportsCar.prefab using Guid(8cd693b0e9166924d9b94c7c2ab04dfd) Importer(815301076,1909f56bfc062723c751e8b465ee728b)  -> (artifact id: '32a52f4d068d52b41c8527e7dae16f5a') in 0.048007 seconds
  Import took 0.052352 seconds .

========================================================================
Received Import Request.
  Time since last request: 1.570181 seconds.
  path: Assets/MyFolder/Good Driver #.SportsCar.prefab
  artifactKey: Guid(8cd693b0e9166924d9b94c7c2ab04dfd) Importer(815301076,1909f56bfc062723c751e8b465ee728b)
Start importing Assets/MyFolder/Good Driver #.SportsCar.prefab using Guid(8cd693b0e9166924d9b94c7c2ab04dfd) Importer(815301076,1909f56bfc062723c751e8b465ee728b)  -> (artifact id: '70ab10c809875ab521eb43549b442e3f') in 0.040287 seconds
  Import took 0.045912 seconds .

========================================================================
Received Prepare
Registering precompiled user dll's ...
Registered in 0.001017 seconds.
Begin MonoManager ReloadAssembly
Native extension for WindowsStandalone target not found
Refreshing native plugins compatible for Editor in 0.46 ms, found 0 plugins.
Preloading 0 native plugins for Editor in 0.00 ms.
System.NullReferenceException: Object reference not set to an instance of an object
  at NWH.Common.WelcomeMessage.WelcomeMessage..cctor () [0x0000e] in C:\Users\USER\WSL\AutoPilotSimulator\Driving Simulator\Assets\NWH\Common\Scripts\AssetInfo\WelcomeMessage\Editor\WelcomeMessage.cs:17 
UnityEngine.StackTraceUtility:ExtractStackTrace ()
UnityEngine.DebugLogHandler:LogFormat (UnityEngine.LogType,UnityEngine.Object,string,object[])
UnityEngine.Logger:Log (UnityEngine.LogType,object)
UnityEngine.Debug:LogError (object)
UnityEditor.EditorAssemblies:ProcessInitializeOnLoadAttributes (System.Type[])

Mono: successfully reloaded assembly
- Completed reload, in  0.693 seconds
Platform modules already initialized, skipping
Refreshing native plugins compatible for Editor in 0.50 ms, found 0 plugins.
Preloading 0 native plugins for Editor in 0.00 ms.
Unloading 1792 Unused Serialized files (Serialized files now loaded: 0)
System memory in use before: 185.1 MB.
System memory in use after: 185.2 MB.

Unloading 6 unused Assets to reduce memory usage. Loaded Objects now: 2311.
Total: 1.962500 ms (FindLiveObjects: 0.341800 ms CreateObjectMapping: 0.053300 ms MarkObjects: 1.488800 ms  DeleteObjects: 0.077000 ms)

========================================================================
Received Prepare
Registering precompiled user dll's ...
Registered in 0.001316 seconds.
Begin MonoManager ReloadAssembly
Native extension for WindowsStandalone target not found
Refreshing native plugins compatible for Editor in 0.53 ms, found 0 plugins.
Preloading 0 native plugins for Editor in 0.00 ms.
System.NullReferenceException: Object reference not set to an instance of an object
  at NWH.Common.WelcomeMessage.WelcomeMessage..cctor () [0x0000e] in C:\Users\USER\WSL\AutoPilotSimulator\Driving Simulator\Assets\NWH\Common\Scripts\AssetInfo\WelcomeMessage\Editor\WelcomeMessage.cs:17 
UnityEngine.StackTraceUtility:ExtractStackTrace ()
UnityEngine.DebugLogHandler:LogFormat (UnityEngine.LogType,UnityEngine.Object,string,object[])
UnityEngine.Logger:Log (UnityEngine.LogType,object)
UnityEngine.Debug:LogError (object)
UnityEditor.EditorAssemblies:ProcessInitializeOnLoadAttributes (System.Type[])

Mono: successfully reloaded assembly
- Completed reload, in  0.657 seconds
Platform modules already initialized, skipping
Refreshing native plugins compatible for Editor in 0.52 ms, found 0 plugins.
Preloading 0 native plugins for Editor in 0.00 ms.
Unloading 1792 Unused Serialized files (Serialized files now loaded: 0)
System memory in use before: 185.2 MB.
System memory in use after: 185.2 MB.

Unloading 6 unused Assets to reduce memory usage. Loaded Objects now: 2314.
Total: 3.250900 ms (FindLiveObjects: 0.457100 ms CreateObjectMapping: 0.192800 ms MarkObjects: 2.516900 ms  DeleteObjects: 0.082500 ms)

========================================================================
Received Import Request.
  Time since last request: 136.567326 seconds.
  path: Assets/MyFolder/Bad Driver 1.SportsCar.prefab
  artifactKey: Guid(7fcbd779a9d6f31428cf179fc39d02e0) Importer(815301076,1909f56bfc062723c751e8b465ee728b)
Start importing Assets/MyFolder/Bad Driver 1.SportsCar.prefab using Guid(7fcbd779a9d6f31428cf179fc39d02e0) Importer(815301076,1909f56bfc062723c751e8b465ee728b)  -> (artifact id: '20231f57c37c32395a891773cf4622ae') in 0.140182 seconds
  Import took 0.145079 seconds .

========================================================================
Received Prepare
Registering precompiled user dll's ...
Registered in 0.001030 seconds.
Begin MonoManager ReloadAssembly
Native extension for WindowsStandalone target not found
Refreshing native plugins compatible for Editor in 0.47 ms, found 0 plugins.
Preloading 0 native plugins for Editor in 0.00 ms.
System.NullReferenceException: Object reference not set to an instance of an object
  at NWH.Common.WelcomeMessage.WelcomeMessage..cctor () [0x0000e] in C:\Users\USER\WSL\AutoPilotSimulator\Driving Simulator\Assets\NWH\Common\Scripts\AssetInfo\WelcomeMessage\Editor\WelcomeMessage.cs:17 
UnityEngine.StackTraceUtility:ExtractStackTrace ()
UnityEngine.DebugLogHandler:LogFormat (UnityEngine.LogType,UnityEngine.Object,string,object[])
UnityEngine.Logger:Log (UnityEngine.LogType,object)
UnityEngine.Debug:LogError (object)
UnityEditor.EditorAssemblies:ProcessInitializeOnLoadAttributes (System.Type[])

Mono: successfully reloaded assembly
- Completed reload, in  0.708 seconds
Platform modules already initialized, skipping
Refreshing native plugins compatible for Editor in 0.46 ms, found 0 plugins.
Preloading 0 native plugins for Editor in 0.00 ms.
Unloading 1792 Unused Serialized files (Serialized files now loaded: 0)
System memory in use before: 185.2 MB.
System memory in use after: 185.3 MB.

Unloading 6 unused Assets to reduce memory usage. Loaded Objects now: 2319.
Total: 2.312100 ms (FindLiveObjects: 0.339300 ms CreateObjectMapping: 0.054500 ms MarkObjects: 1.828900 ms  DeleteObjects: 0.087700 ms)

========================================================================
Received Import Request.
  Time since last request: 52.006415 seconds.
  path: Assets/MyFolder/Good Driver #.SportsCar.prefab
  artifactKey: Guid(8cd693b0e9166924d9b94c7c2ab04dfd) Importer(815301076,1909f56bfc062723c751e8b465ee728b)
Start importing Assets/MyFolder/Good Driver #.SportsCar.prefab using Guid(8cd693b0e9166924d9b94c7c2ab04dfd) Importer(815301076,1909f56bfc062723c751e8b465ee728b)  -> (artifact id: 'b7bf5ee7ba4bf3d3f0779ea45aae737f') in 0.126868 seconds
  Import took 0.131964 seconds .

========================================================================
Received Import Request.
  Time since last request: 6.697397 seconds.
  path: Assets/MyFolder/Bad Driver 1.SportsCar.prefab
  artifactKey: Guid(7fcbd779a9d6f31428cf179fc39d02e0) Importer(815301076,1909f56bfc062723c751e8b465ee728b)
Start importing Assets/MyFolder/Bad Driver 1.SportsCar.prefab using Guid(7fcbd779a9d6f31428cf179fc39d02e0) Importer(815301076,1909f56bfc062723c751e8b465ee728b)  -> (artifact id: '7be95547f5ede3a060d5ab22fdd275d9') in 0.047781 seconds
  Import took 0.052243 seconds .

========================================================================
Received Prepare
Registering precompiled user dll's ...
Registered in 0.001422 seconds.
Begin MonoManager ReloadAssembly
Native extension for WindowsStandalone target not found
Refreshing native plugins compatible for Editor in 0.48 ms, found 0 plugins.
Preloading 0 native plugins for Editor in 0.00 ms.
System.NullReferenceException: Object reference not set to an instance of an object
  at NWH.Common.WelcomeMessage.WelcomeMessage..cctor () [0x0000e] in C:\Users\USER\WSL\AutoPilotSimulator\Driving Simulator\Assets\NWH\Common\Scripts\AssetInfo\WelcomeMessage\Editor\WelcomeMessage.cs:17 
UnityEngine.StackTraceUtility:ExtractStackTrace ()
UnityEngine.DebugLogHandler:LogFormat (UnityEngine.LogType,UnityEngine.Object,string,object[])
UnityEngine.Logger:Log (UnityEngine.LogType,object)
UnityEngine.Debug:LogError (object)
UnityEditor.EditorAssemblies:ProcessInitializeOnLoadAttributes (System.Type[])

Mono: successfully reloaded assembly
- Completed reload, in  0.654 seconds
Platform modules already initialized, skipping
Refreshing native plugins compatible for Editor in 0.43 ms, found 0 plugins.
Preloading 0 native plugins for Editor in 0.00 ms.
Unloading 1792 Unused Serialized files (Serialized files now loaded: 0)
System memory in use before: 185.3 MB.
System memory in use after: 185.3 MB.

Unloading 6 unused Assets to reduce memory usage. Loaded Objects now: 2323.
Total: 1.954500 ms (FindLiveObjects: 0.265200 ms CreateObjectMapping: 0.050800 ms MarkObjects: 1.551500 ms  DeleteObjects: 0.085800 ms)

========================================================================
Received Prepare
Registering precompiled user dll's ...
Registered in 0.000874 seconds.
Begin MonoManager ReloadAssembly
Native extension for WindowsStandalone target not found
Refreshing native plugins compatible for Editor in 0.49 ms, found 0 plugins.
Preloading 0 native plugins for Editor in 0.00 ms.
System.NullReferenceException: Object reference not set to an instance of an object
  at NWH.Common.WelcomeMessage.WelcomeMessage..cctor () [0x0000e] in C:\Users\USER\WSL\AutoPilotSimulator\Driving Simulator\Assets\NWH\Common\Scripts\AssetInfo\WelcomeMessage\Editor\WelcomeMessage.cs:17 
UnityEngine.StackTraceUtility:ExtractStackTrace ()
UnityEngine.DebugLogHandler:LogFormat (UnityEngine.LogType,UnityEngine.Object,string,object[])
UnityEngine.Logger:Log (UnityEngine.LogType,object)
UnityEngine.Debug:LogError (object)
UnityEditor.EditorAssemblies:ProcessInitializeOnLoadAttributes (System.Type[])

Mono: successfully reloaded assembly
- Completed reload, in  0.661 seconds
Platform modules already initialized, skipping
Refreshing native plugins compatible for Editor in 0.79 ms, found 0 plugins.
Preloading 0 native plugins for Editor in 0.00 ms.
Unloading 1792 Unused Serialized files (Serialized files now loaded: 0)
System memory in use before: 185.3 MB.
System memory in use after: 185.4 MB.

Unloading 6 unused Assets to reduce memory usage. Loaded Objects now: 2326.
Total: 2.190900 ms (FindLiveObjects: 0.317300 ms CreateObjectMapping: 0.055000 ms MarkObjects: 1.708400 ms  DeleteObjects: 0.108000 ms)

========================================================================
Received Prepare
Registering precompiled user dll's ...
Registered in 0.000895 seconds.
Begin MonoManager ReloadAssembly
Native extension for WindowsStandalone target not found
Refreshing native plugins compatible for Editor in 0.44 ms, found 0 plugins.
Preloading 0 native plugins for Editor in 0.00 ms.
System.NullReferenceException: Object reference not set to an instance of an object
  at NWH.Common.WelcomeMessage.WelcomeMessage..cctor () [0x0000e] in C:\Users\USER\WSL\AutoPilotSimulator\Driving Simulator\Assets\NWH\Common\Scripts\AssetInfo\WelcomeMessage\Editor\WelcomeMessage.cs:17 
UnityEngine.StackTraceUtility:ExtractStackTrace ()
UnityEngine.DebugLogHandler:LogFormat (UnityEngine.LogType,UnityEngine.Object,string,object[])
UnityEngine.Logger:Log (UnityEngine.LogType,object)
UnityEngine.Debug:LogError (object)
UnityEditor.EditorAssemblies:ProcessInitializeOnLoadAttributes (System.Type[])

Mono: successfully reloaded assembly
- Completed reload, in  0.659 seconds
Platform modules already initialized, skipping
Refreshing native plugins compatible for Editor in 0.46 ms, found 0 plugins.
Preloading 0 native plugins for Editor in 0.00 ms.
Unloading 1792 Unused Serialized files (Serialized files now loaded: 0)
System memory in use before: 185.3 MB.
System memory in use after: 185.4 MB.

Unloading 6 unused Assets to reduce memory usage. Loaded Objects now: 2329.
Total: 2.136100 ms (FindLiveObjects: 0.344700 ms CreateObjectMapping: 0.054700 ms MarkObjects: 1.655300 ms  DeleteObjects: 0.078600 ms)

========================================================================
Received Prepare
Registering precompiled user dll's ...
Registered in 0.001191 seconds.
Begin MonoManager ReloadAssembly
Native extension for WindowsStandalone target not found
Refreshing native plugins compatible for Editor in 0.48 ms, found 0 plugins.
Preloading 0 native plugins for Editor in 0.00 ms.
System.NullReferenceException: Object reference not set to an instance of an object
  at NWH.Common.WelcomeMessage.WelcomeMessage..cctor () [0x0000e] in C:\Users\USER\WSL\AutoPilotSimulator\Driving Simulator\Assets\NWH\Common\Scripts\AssetInfo\WelcomeMessage\Editor\WelcomeMessage.cs:17 
UnityEngine.StackTraceUtility:ExtractStackTrace ()
UnityEngine.DebugLogHandler:LogFormat (UnityEngine.LogType,UnityEngine.Object,string,object[])
UnityEngine.Logger:Log (UnityEngine.LogType,object)
UnityEngine.Debug:LogError (object)
UnityEditor.EditorAssemblies:ProcessInitializeOnLoadAttributes (System.Type[])

Mono: successfully reloaded assembly
- Completed reload, in  0.667 seconds
Platform modules already initialized, skipping
Refreshing native plugins compatible for Editor in 0.52 ms, found 0 plugins.
Preloading 0 native plugins for Editor in 0.00 ms.
Unloading 1792 Unused Serialized files (Serialized files now loaded: 0)
System memory in use before: 185.3 MB.
System memory in use after: 185.4 MB.

Unloading 6 unused Assets to reduce memory usage. Loaded Objects now: 2332.
Total: 2.523300 ms (FindLiveObjects: 0.402500 ms CreateObjectMapping: 0.047300 ms MarkObjects: 1.952100 ms  DeleteObjects: 0.119900 ms)

========================================================================
Received Prepare
Registering precompiled user dll's ...
Registered in 0.001013 seconds.
Begin MonoManager ReloadAssembly
Native extension for WindowsStandalone target not found
Refreshing native plugins compatible for Editor in 0.70 ms, found 0 plugins.
Preloading 0 native plugins for Editor in 0.00 ms.
System.NullReferenceException: Object reference not set to an instance of an object
  at NWH.Common.WelcomeMessage.WelcomeMessage..cctor () [0x0000e] in C:\Users\USER\WSL\AutoPilotSimulator\Driving Simulator\Assets\NWH\Common\Scripts\AssetInfo\WelcomeMessage\Editor\WelcomeMessage.cs:17 
UnityEngine.StackTraceUtility:ExtractStackTrace ()
UnityEngine.DebugLogHandler:LogFormat (UnityEngine.LogType,UnityEngine.Object,string,object[])
UnityEngine.Logger:Log (UnityEngine.LogType,object)
UnityEngine.Debug:LogError (object)
UnityEditor.EditorAssemblies:ProcessInitializeOnLoadAttributes (System.Type[])

Mono: successfully reloaded assembly
- Completed reload, in  0.683 seconds
Platform modules already initialized, skipping
Refreshing native plugins compatible for Editor in 0.54 ms, found 0 plugins.
Preloading 0 native plugins for Editor in 0.00 ms.
Unloading 1792 Unused Serialized files (Serialized files now loaded: 0)
System memory in use before: 185.3 MB.
System memory in use after: 185.4 MB.

Unloading 6 unused Assets to reduce memory usage. Loaded Objects now: 2335.
Total: 2.050900 ms (FindLiveObjects: 0.271700 ms CreateObjectMapping: 0.041600 ms MarkObjects: 1.640900 ms  DeleteObjects: 0.095400 ms)

========================================================================
Received Prepare
Registering precompiled user dll's ...
Registered in 0.000760 seconds.
Begin MonoManager ReloadAssembly
Native extension for WindowsStandalone target not found
Refreshing native plugins compatible for Editor in 0.45 ms, found 0 plugins.
Preloading 0 native plugins for Editor in 0.00 ms.
System.NullReferenceException: Object reference not set to an instance of an object
  at NWH.Common.WelcomeMessage.WelcomeMessage..cctor () [0x0000e] in C:\Users\USER\WSL\AutoPilotSimulator\Driving Simulator\Assets\NWH\Common\Scripts\AssetInfo\WelcomeMessage\Editor\WelcomeMessage.cs:17 
UnityEngine.StackTraceUtility:ExtractStackTrace ()
UnityEngine.DebugLogHandler:LogFormat (UnityEngine.LogType,UnityEngine.Object,string,object[])
UnityEngine.Logger:Log (UnityEngine.LogType,object)
UnityEngine.Debug:LogError (object)
UnityEditor.EditorAssemblies:ProcessInitializeOnLoadAttributes (System.Type[])

Mono: successfully reloaded assembly
- Completed reload, in  0.671 seconds
Platform modules already initialized, skipping
Refreshing native plugins compatible for Editor in 0.49 ms, found 0 plugins.
Preloading 0 native plugins for Editor in 0.00 ms.
Unloading 1792 Unused Serialized files (Serialized files now loaded: 0)
System memory in use before: 185.3 MB.
System memory in use after: 185.4 MB.

Unloading 6 unused Assets to reduce memory usage. Loaded Objects now: 2338.
Total: 1.833100 ms (FindLiveObjects: 0.244500 ms CreateObjectMapping: 0.049200 ms MarkObjects: 1.460700 ms  DeleteObjects: 0.077800 ms)

========================================================================
Received Prepare
Registering precompiled user dll's ...
Registered in 0.000849 seconds.
Begin MonoManager ReloadAssembly
Native extension for WindowsStandalone target not found
Refreshing native plugins compatible for Editor in 0.55 ms, found 0 plugins.
Preloading 0 native plugins for Editor in 0.00 ms.
System.NullReferenceException: Object reference not set to an instance of an object
  at NWH.Common.WelcomeMessage.WelcomeMessage..cctor () [0x0000e] in C:\Users\USER\WSL\AutoPilotSimulator\Driving Simulator\Assets\NWH\Common\Scripts\AssetInfo\WelcomeMessage\Editor\WelcomeMessage.cs:17 
UnityEngine.StackTraceUtility:ExtractStackTrace ()
UnityEngine.DebugLogHandler:LogFormat (UnityEngine.LogType,UnityEngine.Object,string,object[])
UnityEngine.Logger:Log (UnityEngine.LogType,object)
UnityEngine.Debug:LogError (object)
UnityEditor.EditorAssemblies:ProcessInitializeOnLoadAttributes (System.Type[])

Mono: successfully reloaded assembly
- Completed reload, in  0.700 seconds
Platform modules already initialized, skipping
Refreshing native plugins compatible for Editor in 0.44 ms, found 0 plugins.
Preloading 0 native plugins for Editor in 0.00 ms.
Unloading 1792 Unused Serialized files (Serialized files now loaded: 0)
System memory in use before: 185.3 MB.
System memory in use after: 185.4 MB.

Unloading 6 unused Assets to reduce memory usage. Loaded Objects now: 2341.
Total: 1.951800 ms (FindLiveObjects: 0.232800 ms CreateObjectMapping: 0.048600 ms MarkObjects: 1.568500 ms  DeleteObjects: 0.100800 ms)

========================================================================
Received Import Request.
  Time since last request: 865.630460 seconds.
  path: Assets/MyFolder/Bad Driver 1.SportsCar.prefab
  artifactKey: Guid(7fcbd779a9d6f31428cf179fc39d02e0) Importer(815301076,1909f56bfc062723c751e8b465ee728b)
Start importing Assets/MyFolder/Bad Driver 1.SportsCar.prefab using Guid(7fcbd779a9d6f31428cf179fc39d02e0) Importer(815301076,1909f56bfc062723c751e8b465ee728b)  -> (artifact id: '0736cc7d36388f3e44caf2f72433a83c') in 0.121845 seconds
  Import took 0.127711 seconds .

========================================================================
Received Import Request.
  Time since last request: 0.000224 seconds.
  path: Assets/MyFolder/Good Driver #.SportsCar.prefab
  artifactKey: Guid(8cd693b0e9166924d9b94c7c2ab04dfd) Importer(815301076,1909f56bfc062723c751e8b465ee728b)
Start importing Assets/MyFolder/Good Driver #.SportsCar.prefab using Guid(8cd693b0e9166924d9b94c7c2ab04dfd) Importer(815301076,1909f56bfc062723c751e8b465ee728b)  -> (artifact id: '829cad6e454a7376926bb2429f41c3af') in 0.039742 seconds
  Import took 0.045014 seconds .

========================================================================
Received Prepare
Registering precompiled user dll's ...
Registered in 0.000794 seconds.
Begin MonoManager ReloadAssembly
Native extension for WindowsStandalone target not found
Refreshing native plugins compatible for Editor in 0.46 ms, found 0 plugins.
Preloading 0 native plugins for Editor in 0.00 ms.
System.NullReferenceException: Object reference not set to an instance of an object
  at NWH.Common.WelcomeMessage.WelcomeMessage..cctor () [0x0000e] in C:\Users\USER\WSL\AutoPilotSimulator\Driving Simulator\Assets\NWH\Common\Scripts\AssetInfo\WelcomeMessage\Editor\WelcomeMessage.cs:17 
UnityEngine.StackTraceUtility:ExtractStackTrace ()
UnityEngine.DebugLogHandler:LogFormat (UnityEngine.LogType,UnityEngine.Object,string,object[])
UnityEngine.Logger:Log (UnityEngine.LogType,object)
UnityEngine.Debug:LogError (object)
UnityEditor.EditorAssemblies:ProcessInitializeOnLoadAttributes (System.Type[])

Mono: successfully reloaded assembly
- Completed reload, in  0.666 seconds
Platform modules already initialized, skipping
Refreshing native plugins compatible for Editor in 0.46 ms, found 0 plugins.
Preloading 0 native plugins for Editor in 0.00 ms.
Unloading 1792 Unused Serialized files (Serialized files now loaded: 0)
System memory in use before: 185.4 MB.
System memory in use after: 185.4 MB.

Unloading 6 unused Assets to reduce memory usage. Loaded Objects now: 2345.
Total: 1.936000 ms (FindLiveObjects: 0.219800 ms CreateObjectMapping: 0.051900 ms MarkObjects: 1.573800 ms  DeleteObjects: 0.089400 ms)

========================================================================
Received Prepare
Registering precompiled user dll's ...
Registered in 0.000840 seconds.
Begin MonoManager ReloadAssembly
Native extension for WindowsStandalone target not found
Refreshing native plugins compatible for Editor in 0.50 ms, found 0 plugins.
Preloading 0 native plugins for Editor in 0.00 ms.
System.NullReferenceException: Object reference not set to an instance of an object
  at NWH.Common.WelcomeMessage.WelcomeMessage..cctor () [0x0000e] in C:\Users\USER\WSL\AutoPilotSimulator\Driving Simulator\Assets\NWH\Common\Scripts\AssetInfo\WelcomeMessage\Editor\WelcomeMessage.cs:17 
UnityEngine.StackTraceUtility:ExtractStackTrace ()
UnityEngine.DebugLogHandler:LogFormat (UnityEngine.LogType,UnityEngine.Object,string,object[])
UnityEngine.Logger:Log (UnityEngine.LogType,object)
UnityEngine.Debug:LogError (object)
UnityEditor.EditorAssemblies:ProcessInitializeOnLoadAttributes (System.Type[])

Mono: successfully reloaded assembly
- Completed reload, in  0.746 seconds
Platform modules already initialized, skipping
Refreshing native plugins compatible for Editor in 0.47 ms, found 0 plugins.
Preloading 0 native plugins for Editor in 0.00 ms.
Unloading 1792 Unused Serialized files (Serialized files now loaded: 0)
System memory in use before: 185.4 MB.
System memory in use after: 185.4 MB.

Unloading 6 unused Assets to reduce memory usage. Loaded Objects now: 2348.
Total: 2.569100 ms (FindLiveObjects: 0.373000 ms CreateObjectMapping: 0.057600 ms MarkObjects: 2.014400 ms  DeleteObjects: 0.122700 ms)

========================================================================
Received Prepare
Registering precompiled user dll's ...
Registered in 0.001101 seconds.
Begin MonoManager ReloadAssembly
Native extension for WindowsStandalone target not found
Refreshing native plugins compatible for Editor in 0.47 ms, found 0 plugins.
Preloading 0 native plugins for Editor in 0.00 ms.
System.NullReferenceException: Object reference not set to an instance of an object
  at NWH.Common.WelcomeMessage.WelcomeMessage..cctor () [0x0000e] in C:\Users\USER\WSL\AutoPilotSimulator\Driving Simulator\Assets\NWH\Common\Scripts\AssetInfo\WelcomeMessage\Editor\WelcomeMessage.cs:17 
UnityEngine.StackTraceUtility:ExtractStackTrace ()
UnityEngine.DebugLogHandler:LogFormat (UnityEngine.LogType,UnityEngine.Object,string,object[])
UnityEngine.Logger:Log (UnityEngine.LogType,object)
UnityEngine.Debug:LogError (object)
UnityEditor.EditorAssemblies:ProcessInitializeOnLoadAttributes (System.Type[])

Mono: successfully reloaded assembly
- Completed reload, in  0.648 seconds
Platform modules already initialized, skipping
Refreshing native plugins compatible for Editor in 0.47 ms, found 0 plugins.
Preloading 0 native plugins for Editor in 0.00 ms.
Unloading 1792 Unused Serialized files (Serialized files now loaded: 0)
System memory in use before: 185.4 MB.
System memory in use after: 185.5 MB.

Unloading 6 unused Assets to reduce memory usage. Loaded Objects now: 2351.
Total: 2.084600 ms (FindLiveObjects: 0.257400 ms CreateObjectMapping: 0.045200 ms MarkObjects: 1.705600 ms  DeleteObjects: 0.075500 ms)

========================================================================
Received Prepare
Registering precompiled user dll's ...
Registered in 0.001049 seconds.
Begin MonoManager ReloadAssembly
Native extension for WindowsStandalone target not found
Refreshing native plugins compatible for Editor in 0.46 ms, found 0 plugins.
Preloading 0 native plugins for Editor in 0.00 ms.
System.NullReferenceException: Object reference not set to an instance of an object
  at NWH.Common.WelcomeMessage.WelcomeMessage..cctor () [0x0000e] in C:\Users\USER\WSL\AutoPilotSimulator\Driving Simulator\Assets\NWH\Common\Scripts\AssetInfo\WelcomeMessage\Editor\WelcomeMessage.cs:17 
UnityEngine.StackTraceUtility:ExtractStackTrace ()
UnityEngine.DebugLogHandler:LogFormat (UnityEngine.LogType,UnityEngine.Object,string,object[])
UnityEngine.Logger:Log (UnityEngine.LogType,object)
UnityEngine.Debug:LogError (object)
UnityEditor.EditorAssemblies:ProcessInitializeOnLoadAttributes (System.Type[])

Mono: successfully reloaded assembly
- Completed reload, in  0.655 seconds
Platform modules already initialized, skipping
Refreshing native plugins compatible for Editor in 0.51 ms, found 0 plugins.
Preloading 0 native plugins for Editor in 0.00 ms.
Unloading 1792 Unused Serialized files (Serialized files now loaded: 0)
System memory in use before: 185.4 MB.
System memory in use after: 185.5 MB.

Unloading 6 unused Assets to reduce memory usage. Loaded Objects now: 2354.
Total: 2.471300 ms (FindLiveObjects: 0.323400 ms CreateObjectMapping: 0.038700 ms MarkObjects: 2.021300 ms  DeleteObjects: 0.086100 ms)

========================================================================
Received Prepare
Registering precompiled user dll's ...
Registered in 0.001128 seconds.
Begin MonoManager ReloadAssembly
Native extension for WindowsStandalone target not found
Refreshing native plugins compatible for Editor in 0.46 ms, found 0 plugins.
Preloading 0 native plugins for Editor in 0.00 ms.
System.NullReferenceException: Object reference not set to an instance of an object
  at NWH.Common.WelcomeMessage.WelcomeMessage..cctor () [0x0000e] in C:\Users\USER\WSL\AutoPilotSimulator\Driving Simulator\Assets\NWH\Common\Scripts\AssetInfo\WelcomeMessage\Editor\WelcomeMessage.cs:17 
UnityEngine.StackTraceUtility:ExtractStackTrace ()
UnityEngine.DebugLogHandler:LogFormat (UnityEngine.LogType,UnityEngine.Object,string,object[])
UnityEngine.Logger:Log (UnityEngine.LogType,object)
UnityEngine.Debug:LogError (object)
UnityEditor.EditorAssemblies:ProcessInitializeOnLoadAttributes (System.Type[])

Mono: successfully reloaded assembly
- Completed reload, in  0.634 seconds
Platform modules already initialized, skipping
Refreshing native plugins compatible for Editor in 0.44 ms, found 0 plugins.
Preloading 0 native plugins for Editor in 0.00 ms.
Unloading 1792 Unused Serialized files (Serialized files now loaded: 0)
System memory in use before: 185.4 MB.
System memory in use after: 185.5 MB.

Unloading 6 unused Assets to reduce memory usage. Loaded Objects now: 2357.
Total: 2.103700 ms (FindLiveObjects: 0.319000 ms CreateObjectMapping: 0.086200 ms MarkObjects: 1.619400 ms  DeleteObjects: 0.078100 ms)

========================================================================
Received Prepare
Registering precompiled user dll's ...
Registered in 0.000829 seconds.
Begin MonoManager ReloadAssembly
Native extension for WindowsStandalone target not found
Refreshing native plugins compatible for Editor in 0.44 ms, found 0 plugins.
Preloading 0 native plugins for Editor in 0.00 ms.
System.NullReferenceException: Object reference not set to an instance of an object
  at NWH.Common.WelcomeMessage.WelcomeMessage..cctor () [0x0000e] in C:\Users\USER\WSL\AutoPilotSimulator\Driving Simulator\Assets\NWH\Common\Scripts\AssetInfo\WelcomeMessage\Editor\WelcomeMessage.cs:17 
UnityEngine.StackTraceUtility:ExtractStackTrace ()
UnityEngine.DebugLogHandler:LogFormat (UnityEngine.LogType,UnityEngine.Object,string,object[])
UnityEngine.Logger:Log (UnityEngine.LogType,object)
UnityEngine.Debug:LogError (object)
UnityEditor.EditorAssemblies:ProcessInitializeOnLoadAttributes (System.Type[])

Mono: successfully reloaded assembly
- Completed reload, in  0.586 seconds
Platform modules already initialized, skipping
Refreshing native plugins compatible for Editor in 0.44 ms, found 0 plugins.
Preloading 0 native plugins for Editor in 0.00 ms.
Unloading 1792 Unused Serialized files (Serialized files now loaded: 0)
System memory in use before: 185.4 MB.
System memory in use after: 185.5 MB.

Unloading 6 unused Assets to reduce memory usage. Loaded Objects now: 2360.
Total: 1.821100 ms (FindLiveObjects: 0.215000 ms CreateObjectMapping: 0.050700 ms MarkObjects: 1.488100 ms  DeleteObjects: 0.066400 ms)

========================================================================
Received Prepare
Registering precompiled user dll's ...
Registered in 0.000945 seconds.
Begin MonoManager ReloadAssembly
Native extension for WindowsStandalone target not found
Refreshing native plugins compatible for Editor in 0.44 ms, found 0 plugins.
Preloading 0 native plugins for Editor in 0.00 ms.
System.NullReferenceException: Object reference not set to an instance of an object
  at NWH.Common.WelcomeMessage.WelcomeMessage..cctor () [0x0000e] in C:\Users\USER\WSL\AutoPilotSimulator\Driving Simulator\Assets\NWH\Common\Scripts\AssetInfo\WelcomeMessage\Editor\WelcomeMessage.cs:17 
UnityEngine.StackTraceUtility:ExtractStackTrace ()
UnityEngine.DebugLogHandler:LogFormat (UnityEngine.LogType,UnityEngine.Object,string,object[])
UnityEngine.Logger:Log (UnityEngine.LogType,object)
UnityEngine.Debug:LogError (object)
UnityEditor.EditorAssemblies:ProcessInitializeOnLoadAttributes (System.Type[])

Mono: successfully reloaded assembly
- Completed reload, in  0.591 seconds
Platform modules already initialized, skipping
Refreshing native plugins compatible for Editor in 0.44 ms, found 0 plugins.
Preloading 0 native plugins for Editor in 0.00 ms.
Unloading 1792 Unused Serialized files (Serialized files now loaded: 0)
System memory in use before: 185.4 MB.
System memory in use after: 185.5 MB.

Unloading 6 unused Assets to reduce memory usage. Loaded Objects now: 2363.
Total: 1.725100 ms (FindLiveObjects: 0.165400 ms CreateObjectMapping: 0.044900 ms MarkObjects: 1.451500 ms  DeleteObjects: 0.062200 ms)

========================================================================
Received Import Request.
  Time since last request: 1599.342699 seconds.
  path: Assets/MyFolder/Good Driver #.SportsCar.prefab
  artifactKey: Guid(8cd693b0e9166924d9b94c7c2ab04dfd) Importer(815301076,1909f56bfc062723c751e8b465ee728b)
Start importing Assets/MyFolder/Good Driver #.SportsCar.prefab using Guid(8cd693b0e9166924d9b94c7c2ab04dfd) Importer(815301076,1909f56bfc062723c751e8b465ee728b)  -> (artifact id: 'fd69edfb4be6089a44ef6c54e3b646c7') in 0.104726 seconds
  Import took 0.108696 seconds .

========================================================================
Received Prepare
Registering precompiled user dll's ...
Registered in 0.000693 seconds.
Begin MonoManager ReloadAssembly
Native extension for WindowsStandalone target not found
Refreshing native plugins compatible for Editor in 0.50 ms, found 0 plugins.
Preloading 0 native plugins for Editor in 0.00 ms.
System.NullReferenceException: Object reference not set to an instance of an object
  at NWH.Common.WelcomeMessage.WelcomeMessage..cctor () [0x0000e] in C:\Users\USER\WSL\AutoPilotSimulator\Driving Simulator\Assets\NWH\Common\Scripts\AssetInfo\WelcomeMessage\Editor\WelcomeMessage.cs:17 
UnityEngine.StackTraceUtility:ExtractStackTrace ()
UnityEngine.DebugLogHandler:LogFormat (UnityEngine.LogType,UnityEngine.Object,string,object[])
UnityEngine.Logger:Log (UnityEngine.LogType,object)
UnityEngine.Debug:LogError (object)
UnityEditor.EditorAssemblies:ProcessInitializeOnLoadAttributes (System.Type[])

Mono: successfully reloaded assembly
- Completed reload, in  0.588 seconds
Platform modules already initialized, skipping
Refreshing native plugins compatible for Editor in 0.45 ms, found 0 plugins.
Preloading 0 native plugins for Editor in 0.00 ms.
Unloading 1792 Unused Serialized files (Serialized files now loaded: 0)
System memory in use before: 185.4 MB.
System memory in use after: 185.5 MB.

Unloading 6 unused Assets to reduce memory usage. Loaded Objects now: 2367.
Total: 1.806500 ms (FindLiveObjects: 0.226000 ms CreateObjectMapping: 0.049100 ms MarkObjects: 1.460100 ms  DeleteObjects: 0.070600 ms)

========================================================================
Received Import Request.
  Time since last request: 39.368809 seconds.
  path: Assets/MyFolder/Good Driver #.SportsCar.prefab
  artifactKey: Guid(8cd693b0e9166924d9b94c7c2ab04dfd) Importer(815301076,1909f56bfc062723c751e8b465ee728b)
Start importing Assets/MyFolder/Good Driver #.SportsCar.prefab using Guid(8cd693b0e9166924d9b94c7c2ab04dfd) Importer(815301076,1909f56bfc062723c751e8b465ee728b)  -> (artifact id: '92c441cf1db1f874edb5a2be61ed4eb2') in 0.108922 seconds
  Import took 0.113126 seconds .

========================================================================
Received Prepare
Registering precompiled user dll's ...
Registered in 0.000760 seconds.
Begin MonoManager ReloadAssembly
Native extension for WindowsStandalone target not found
Refreshing native plugins compatible for Editor in 0.43 ms, found 0 plugins.
Preloading 0 native plugins for Editor in 0.00 ms.
System.NullReferenceException: Object reference not set to an instance of an object
  at NWH.Common.WelcomeMessage.WelcomeMessage..cctor () [0x0000e] in C:\Users\USER\WSL\AutoPilotSimulator\Driving Simulator\Assets\NWH\Common\Scripts\AssetInfo\WelcomeMessage\Editor\WelcomeMessage.cs:17 
UnityEngine.StackTraceUtility:ExtractStackTrace ()
UnityEngine.DebugLogHandler:LogFormat (UnityEngine.LogType,UnityEngine.Object,string,object[])
UnityEngine.Logger:Log (UnityEngine.LogType,object)
UnityEngine.Debug:LogError (object)
UnityEditor.EditorAssemblies:ProcessInitializeOnLoadAttributes (System.Type[])

Mono: successfully reloaded assembly
- Completed reload, in  0.567 seconds
Platform modules already initialized, skipping
Refreshing native plugins compatible for Editor in 0.43 ms, found 0 plugins.
Preloading 0 native plugins for Editor in 0.00 ms.
Unloading 1792 Unused Serialized files (Serialized files now loaded: 0)
System memory in use before: 185.5 MB.
System memory in use after: 185.6 MB.

Unloading 6 unused Assets to reduce memory usage. Loaded Objects now: 2371.
Total: 1.749300 ms (FindLiveObjects: 0.208800 ms CreateObjectMapping: 0.035300 ms MarkObjects: 1.438000 ms  DeleteObjects: 0.066600 ms)

========================================================================
Received Import Request.
  Time since last request: 37.218100 seconds.
  path: Assets/MyFolder/Good Driver #.SportsCar.prefab
  artifactKey: Guid(8cd693b0e9166924d9b94c7c2ab04dfd) Importer(815301076,1909f56bfc062723c751e8b465ee728b)
Start importing Assets/MyFolder/Good Driver #.SportsCar.prefab using Guid(8cd693b0e9166924d9b94c7c2ab04dfd) Importer(815301076,1909f56bfc062723c751e8b465ee728b)  -> (artifact id: 'bb9e95603c2346d285ec58c6049c5023') in 0.107992 seconds
  Import took 0.112122 seconds .

========================================================================
Received Import Request.
  Time since last request: 1.231285 seconds.
  path: Assets/MyFolder/Good Driver #.SportsCar.prefab
  artifactKey: Guid(8cd693b0e9166924d9b94c7c2ab04dfd) Importer(815301076,1909f56bfc062723c751e8b465ee728b)
Start importing Assets/MyFolder/Good Driver #.SportsCar.prefab using Guid(8cd693b0e9166924d9b94c7c2ab04dfd) Importer(815301076,1909f56bfc062723c751e8b465ee728b)  -> (artifact id: '9ac4cbc755ee8ac71090c59b9c7ba392') in 0.038299 seconds
  Import took 0.042461 seconds .

========================================================================
Received Import Request.
  Time since last request: 2.372083 seconds.
  path: Assets/MyFolder/Good Driver #.SportsCar.prefab
  artifactKey: Guid(8cd693b0e9166924d9b94c7c2ab04dfd) Importer(815301076,1909f56bfc062723c751e8b465ee728b)
Start importing Assets/MyFolder/Good Driver #.SportsCar.prefab using Guid(8cd693b0e9166924d9b94c7c2ab04dfd) Importer(815301076,1909f56bfc062723c751e8b465ee728b)  -> (artifact id: 'b6ea0a7fd49d0f5e9a89937f3c500fee') in 0.037003 seconds
  Import took 0.041264 seconds .

========================================================================
Received Import Request.
  Time since last request: 9.018605 seconds.
  path: Assets/MyFolder/Good Driver #.SportsCar.prefab
  artifactKey: Guid(8cd693b0e9166924d9b94c7c2ab04dfd) Importer(815301076,1909f56bfc062723c751e8b465ee728b)
Start importing Assets/MyFolder/Good Driver #.SportsCar.prefab using Guid(8cd693b0e9166924d9b94c7c2ab04dfd) Importer(815301076,1909f56bfc062723c751e8b465ee728b)  -> (artifact id: '1cde9727f59720c1aaa84aff86ea7ca1') in 0.039887 seconds
  Import took 0.043820 seconds .

========================================================================
Received Import Request.
  Time since last request: 3.585283 seconds.
  path: Assets/MyFolder/Good Driver #.SportsCar.prefab
  artifactKey: Guid(8cd693b0e9166924d9b94c7c2ab04dfd) Importer(815301076,1909f56bfc062723c751e8b465ee728b)
Start importing Assets/MyFolder/Good Driver #.SportsCar.prefab using Guid(8cd693b0e9166924d9b94c7c2ab04dfd) Importer(815301076,1909f56bfc062723c751e8b465ee728b)  -> (artifact id: '0b24322be4ddc4d5ef6f7cb1a23afa2d') in 0.038659 seconds
  Import took 0.042780 seconds .

========================================================================
Received Import Request.
  Time since last request: 2.991479 seconds.
  path: Assets/MyFolder/Good Driver #.SportsCar.prefab
  artifactKey: Guid(8cd693b0e9166924d9b94c7c2ab04dfd) Importer(815301076,1909f56bfc062723c751e8b465ee728b)
Start importing Assets/MyFolder/Good Driver #.SportsCar.prefab using Guid(8cd693b0e9166924d9b94c7c2ab04dfd) Importer(815301076,1909f56bfc062723c751e8b465ee728b)  -> (artifact id: 'dc3c0954cdd23965fad95e786ac6f3c4') in 0.036493 seconds
  Import took 0.040514 seconds .

========================================================================
Received Prepare
Registering precompiled user dll's ...
Registered in 0.000775 seconds.
Begin MonoManager ReloadAssembly
Native extension for WindowsStandalone target not found
Refreshing native plugins compatible for Editor in 0.47 ms, found 0 plugins.
Preloading 0 native plugins for Editor in 0.00 ms.
System.NullReferenceException: Object reference not set to an instance of an object
  at NWH.Common.WelcomeMessage.WelcomeMessage..cctor () [0x0000e] in C:\Users\USER\WSL\AutoPilotSimulator\Driving Simulator\Assets\NWH\Common\Scripts\AssetInfo\WelcomeMessage\Editor\WelcomeMessage.cs:17 
UnityEngine.StackTraceUtility:ExtractStackTrace ()
UnityEngine.DebugLogHandler:LogFormat (UnityEngine.LogType,UnityEngine.Object,string,object[])
UnityEngine.Logger:Log (UnityEngine.LogType,object)
UnityEngine.Debug:LogError (object)
UnityEditor.EditorAssemblies:ProcessInitializeOnLoadAttributes (System.Type[])

Mono: successfully reloaded assembly
- Completed reload, in  0.673 seconds
Platform modules already initialized, skipping
Refreshing native plugins compatible for Editor in 0.47 ms, found 0 plugins.
Preloading 0 native plugins for Editor in 0.00 ms.
Unloading 1792 Unused Serialized files (Serialized files now loaded: 0)
System memory in use before: 185.5 MB.
System memory in use after: 185.6 MB.

Unloading 6 unused Assets to reduce memory usage. Loaded Objects now: 2375.
Total: 2.145100 ms (FindLiveObjects: 0.391500 ms CreateObjectMapping: 0.056700 ms MarkObjects: 1.619900 ms  DeleteObjects: 0.076000 ms)

========================================================================
Received Prepare
Registering precompiled user dll's ...
Registered in 0.000618 seconds.
Begin MonoManager ReloadAssembly
Native extension for WindowsStandalone target not found
Refreshing native plugins compatible for Editor in 0.45 ms, found 0 plugins.
Preloading 0 native plugins for Editor in 0.00 ms.
System.NullReferenceException: Object reference not set to an instance of an object
  at NWH.Common.WelcomeMessage.WelcomeMessage..cctor () [0x0000e] in C:\Users\USER\WSL\AutoPilotSimulator\Driving Simulator\Assets\NWH\Common\Scripts\AssetInfo\WelcomeMessage\Editor\WelcomeMessage.cs:17 
UnityEngine.StackTraceUtility:ExtractStackTrace ()
UnityEngine.DebugLogHandler:LogFormat (UnityEngine.LogType,UnityEngine.Object,string,object[])
UnityEngine.Logger:Log (UnityEngine.LogType,object)
UnityEngine.Debug:LogError (object)
UnityEditor.EditorAssemblies:ProcessInitializeOnLoadAttributes (System.Type[])

Mono: successfully reloaded assembly
- Completed reload, in  0.615 seconds
Platform modules already initialized, skipping
Refreshing native plugins compatible for Editor in 0.42 ms, found 0 plugins.
Preloading 0 native plugins for Editor in 0.00 ms.
Unloading 1792 Unused Serialized files (Serialized files now loaded: 0)
System memory in use before: 185.5 MB.
System memory in use after: 185.6 MB.

Unloading 6 unused Assets to reduce memory usage. Loaded Objects now: 2378.
Total: 1.864400 ms (FindLiveObjects: 0.233600 ms CreateObjectMapping: 0.049900 ms MarkObjects: 1.507300 ms  DeleteObjects: 0.072800 ms)

========================================================================
Received Prepare
Registering precompiled user dll's ...
Registered in 0.000642 seconds.
Begin MonoManager ReloadAssembly
Native extension for WindowsStandalone target not found
Refreshing native plugins compatible for Editor in 0.58 ms, found 0 plugins.
Preloading 0 native plugins for Editor in 0.00 ms.
System.NullReferenceException: Object reference not set to an instance of an object
  at NWH.Common.WelcomeMessage.WelcomeMessage..cctor () [0x0000e] in C:\Users\USER\WSL\AutoPilotSimulator\Driving Simulator\Assets\NWH\Common\Scripts\AssetInfo\WelcomeMessage\Editor\WelcomeMessage.cs:17 
UnityEngine.StackTraceUtility:ExtractStackTrace ()
UnityEngine.DebugLogHandler:LogFormat (UnityEngine.LogType,UnityEngine.Object,string,object[])
UnityEngine.Logger:Log (UnityEngine.LogType,object)
UnityEngine.Debug:LogError (object)
UnityEditor.EditorAssemblies:ProcessInitializeOnLoadAttributes (System.Type[])

Mono: successfully reloaded assembly
- Completed reload, in  0.617 seconds
Platform modules already initialized, skipping
Refreshing native plugins compatible for Editor in 0.49 ms, found 0 plugins.
Preloading 0 native plugins for Editor in 0.00 ms.
Unloading 1792 Unused Serialized files (Serialized files now loaded: 0)
System memory in use before: 185.5 MB.
System memory in use after: 185.6 MB.

Unloading 6 unused Assets to reduce memory usage. Loaded Objects now: 2381.
Total: 1.781300 ms (FindLiveObjects: 0.182100 ms CreateObjectMapping: 0.035800 ms MarkObjects: 1.497900 ms  DeleteObjects: 0.064700 ms)

========================================================================
Received Prepare
Registering precompiled user dll's ...
Registered in 0.001180 seconds.
Begin MonoManager ReloadAssembly
Native extension for WindowsStandalone target not found
Refreshing native plugins compatible for Editor in 0.48 ms, found 0 plugins.
Preloading 0 native plugins for Editor in 0.00 ms.
System.NullReferenceException: Object reference not set to an instance of an object
  at NWH.Common.WelcomeMessage.WelcomeMessage..cctor () [0x0000e] in C:\Users\USER\WSL\AutoPilotSimulator\Driving Simulator\Assets\NWH\Common\Scripts\AssetInfo\WelcomeMessage\Editor\WelcomeMessage.cs:17 
UnityEngine.StackTraceUtility:ExtractStackTrace ()
UnityEngine.DebugLogHandler:LogFormat (UnityEngine.LogType,UnityEngine.Object,string,object[])
UnityEngine.Logger:Log (UnityEngine.LogType,object)
UnityEngine.Debug:LogError (object)
UnityEditor.EditorAssemblies:ProcessInitializeOnLoadAttributes (System.Type[])

Mono: successfully reloaded assembly
- Completed reload, in  0.631 seconds
Platform modules already initialized, skipping
Refreshing native plugins compatible for Editor in 0.45 ms, found 0 plugins.
Preloading 0 native plugins for Editor in 0.00 ms.
Unloading 1792 Unused Serialized files (Serialized files now loaded: 0)
System memory in use before: 185.5 MB.
System memory in use after: 185.6 MB.

Unloading 6 unused Assets to reduce memory usage. Loaded Objects now: 2384.
Total: 2.117900 ms (FindLiveObjects: 0.392800 ms CreateObjectMapping: 0.067900 ms MarkObjects: 1.574200 ms  DeleteObjects: 0.080900 ms)

========================================================================
Received Prepare
Registering precompiled user dll's ...
Registered in 0.000782 seconds.
Begin MonoManager ReloadAssembly
Native extension for WindowsStandalone target not found
Refreshing native plugins compatible for Editor in 0.47 ms, found 0 plugins.
Preloading 0 native plugins for Editor in 0.00 ms.
System.NullReferenceException: Object reference not set to an instance of an object
  at NWH.Common.WelcomeMessage.WelcomeMessage..cctor () [0x0000e] in C:\Users\USER\WSL\AutoPilotSimulator\Driving Simulator\Assets\NWH\Common\Scripts\AssetInfo\WelcomeMessage\Editor\WelcomeMessage.cs:17 
UnityEngine.StackTraceUtility:ExtractStackTrace ()
UnityEngine.DebugLogHandler:LogFormat (UnityEngine.LogType,UnityEngine.Object,string,object[])
UnityEngine.Logger:Log (UnityEngine.LogType,object)
UnityEngine.Debug:LogError (object)
UnityEditor.EditorAssemblies:ProcessInitializeOnLoadAttributes (System.Type[])

Mono: successfully reloaded assembly
- Completed reload, in  0.587 seconds
Platform modules already initialized, skipping
Refreshing native plugins compatible for Editor in 0.44 ms, found 0 plugins.
Preloading 0 native plugins for Editor in 0.00 ms.
Unloading 1792 Unused Serialized files (Serialized files now loaded: 0)
System memory in use before: 185.5 MB.
System memory in use after: 185.6 MB.

Unloading 6 unused Assets to reduce memory usage. Loaded Objects now: 2387.
Total: 1.771200 ms (FindLiveObjects: 0.175200 ms CreateObjectMapping: 0.049600 ms MarkObjects: 1.479600 ms  DeleteObjects: 0.065500 ms)

========================================================================
Received Prepare
Registering precompiled user dll's ...
Registered in 0.000876 seconds.
Begin MonoManager ReloadAssembly
Native extension for WindowsStandalone target not found
Refreshing native plugins compatible for Editor in 0.45 ms, found 0 plugins.
Preloading 0 native plugins for Editor in 0.00 ms.
System.NullReferenceException: Object reference not set to an instance of an object
  at NWH.Common.WelcomeMessage.WelcomeMessage..cctor () [0x0000e] in C:\Users\USER\WSL\AutoPilotSimulator\Driving Simulator\Assets\NWH\Common\Scripts\AssetInfo\WelcomeMessage\Editor\WelcomeMessage.cs:17 
UnityEngine.StackTraceUtility:ExtractStackTrace ()
UnityEngine.DebugLogHandler:LogFormat (UnityEngine.LogType,UnityEngine.Object,string,object[])
UnityEngine.Logger:Log (UnityEngine.LogType,object)
UnityEngine.Debug:LogError (object)
UnityEditor.EditorAssemblies:ProcessInitializeOnLoadAttributes (System.Type[])

Mono: successfully reloaded assembly
- Completed reload, in  0.573 seconds
Platform modules already initialized, skipping
Refreshing native plugins compatible for Editor in 0.45 ms, found 0 plugins.
Preloading 0 native plugins for Editor in 0.00 ms.
Unloading 1792 Unused Serialized files (Serialized files now loaded: 0)
System memory in use before: 185.6 MB.
System memory in use after: 185.6 MB.

Unloading 6 unused Assets to reduce memory usage. Loaded Objects now: 2390.
Total: 2.063000 ms (FindLiveObjects: 0.261700 ms CreateObjectMapping: 0.072500 ms MarkObjects: 1.644800 ms  DeleteObjects: 0.082900 ms)

========================================================================
Received Prepare
Registering precompiled user dll's ...
Registered in 0.000728 seconds.
Begin MonoManager ReloadAssembly
Native extension for WindowsStandalone target not found
Refreshing native plugins compatible for Editor in 0.51 ms, found 0 plugins.
Preloading 0 native plugins for Editor in 0.00 ms.
System.NullReferenceException: Object reference not set to an instance of an object
  at NWH.Common.WelcomeMessage.WelcomeMessage..cctor () [0x0000e] in C:\Users\USER\WSL\AutoPilotSimulator\Driving Simulator\Assets\NWH\Common\Scripts\AssetInfo\WelcomeMessage\Editor\WelcomeMessage.cs:17 
UnityEngine.StackTraceUtility:ExtractStackTrace ()
UnityEngine.DebugLogHandler:LogFormat (UnityEngine.LogType,UnityEngine.Object,string,object[])
UnityEngine.Logger:Log (UnityEngine.LogType,object)
UnityEngine.Debug:LogError (object)
UnityEditor.EditorAssemblies:ProcessInitializeOnLoadAttributes (System.Type[])

Mono: successfully reloaded assembly
- Completed reload, in  0.617 seconds
Platform modules already initialized, skipping
Refreshing native plugins compatible for Editor in 0.51 ms, found 0 plugins.
Preloading 0 native plugins for Editor in 0.00 ms.
Unloading 1792 Unused Serialized files (Serialized files now loaded: 0)
System memory in use before: 185.6 MB.
System memory in use after: 185.6 MB.

Unloading 6 unused Assets to reduce memory usage. Loaded Objects now: 2393.
Total: 1.902400 ms (FindLiveObjects: 0.241200 ms CreateObjectMapping: 0.050600 ms MarkObjects: 1.514000 ms  DeleteObjects: 0.095600 ms)

========================================================================
Received Prepare
Registering precompiled user dll's ...
Registered in 0.000666 seconds.
Begin MonoManager ReloadAssembly
Native extension for WindowsStandalone target not found
Refreshing native plugins compatible for Editor in 0.44 ms, found 0 plugins.
Preloading 0 native plugins for Editor in 0.00 ms.
System.NullReferenceException: Object reference not set to an instance of an object
  at NWH.Common.WelcomeMessage.WelcomeMessage..cctor () [0x0000e] in C:\Users\USER\WSL\AutoPilotSimulator\Driving Simulator\Assets\NWH\Common\Scripts\AssetInfo\WelcomeMessage\Editor\WelcomeMessage.cs:17 
UnityEngine.StackTraceUtility:ExtractStackTrace ()
UnityEngine.DebugLogHandler:LogFormat (UnityEngine.LogType,UnityEngine.Object,string,object[])
UnityEngine.Logger:Log (UnityEngine.LogType,object)
UnityEngine.Debug:LogError (object)
UnityEditor.EditorAssemblies:ProcessInitializeOnLoadAttributes (System.Type[])

Mono: successfully reloaded assembly
- Completed reload, in  0.598 seconds
Platform modules already initialized, skipping
Refreshing native plugins compatible for Editor in 0.41 ms, found 0 plugins.
Preloading 0 native plugins for Editor in 0.00 ms.
Unloading 1792 Unused Serialized files (Serialized files now loaded: 0)
System memory in use before: 185.6 MB.
System memory in use after: 185.7 MB.

Unloading 6 unused Assets to reduce memory usage. Loaded Objects now: 2396.
Total: 1.969700 ms (FindLiveObjects: 0.239100 ms CreateObjectMapping: 0.050500 ms MarkObjects: 1.610300 ms  DeleteObjects: 0.068800 ms)

========================================================================
Received Prepare
Registering precompiled user dll's ...
Registered in 0.000800 seconds.
Begin MonoManager ReloadAssembly
Native extension for WindowsStandalone target not found
Refreshing native plugins compatible for Editor in 0.44 ms, found 0 plugins.
Preloading 0 native plugins for Editor in 0.00 ms.
System.NullReferenceException: Object reference not set to an instance of an object
  at NWH.Common.WelcomeMessage.WelcomeMessage..cctor () [0x0000e] in C:\Users\USER\WSL\AutoPilotSimulator\Driving Simulator\Assets\NWH\Common\Scripts\AssetInfo\WelcomeMessage\Editor\WelcomeMessage.cs:17 
UnityEngine.StackTraceUtility:ExtractStackTrace ()
UnityEngine.DebugLogHandler:LogFormat (UnityEngine.LogType,UnityEngine.Object,string,object[])
UnityEngine.Logger:Log (UnityEngine.LogType,object)
UnityEngine.Debug:LogError (object)
UnityEditor.EditorAssemblies:ProcessInitializeOnLoadAttributes (System.Type[])

Mono: successfully reloaded assembly
- Completed reload, in  0.582 seconds
Platform modules already initialized, skipping
Refreshing native plugins compatible for Editor in 0.44 ms, found 0 plugins.
Preloading 0 native plugins for Editor in 0.00 ms.
Unloading 1792 Unused Serialized files (Serialized files now loaded: 0)
System memory in use before: 185.6 MB.
System memory in use after: 185.7 MB.

Unloading 6 unused Assets to reduce memory usage. Loaded Objects now: 2399.
Total: 1.792800 ms (FindLiveObjects: 0.227600 ms CreateObjectMapping: 0.040100 ms MarkObjects: 1.455800 ms  DeleteObjects: 0.068500 ms)

========================================================================
Received Prepare
Registering precompiled user dll's ...
Registered in 0.000711 seconds.
Begin MonoManager ReloadAssembly
Native extension for WindowsStandalone target not found
Refreshing native plugins compatible for Editor in 0.44 ms, found 0 plugins.
Preloading 0 native plugins for Editor in 0.00 ms.
System.NullReferenceException: Object reference not set to an instance of an object
  at NWH.Common.WelcomeMessage.WelcomeMessage..cctor () [0x0000e] in C:\Users\USER\WSL\AutoPilotSimulator\Driving Simulator\Assets\NWH\Common\Scripts\AssetInfo\WelcomeMessage\Editor\WelcomeMessage.cs:17 
UnityEngine.StackTraceUtility:ExtractStackTrace ()
UnityEngine.DebugLogHandler:LogFormat (UnityEngine.LogType,UnityEngine.Object,string,object[])
UnityEngine.Logger:Log (UnityEngine.LogType,object)
UnityEngine.Debug:LogError (object)
UnityEditor.EditorAssemblies:ProcessInitializeOnLoadAttributes (System.Type[])

Mono: successfully reloaded assembly
- Completed reload, in  0.596 seconds
Platform modules already initialized, skipping
Refreshing native plugins compatible for Editor in 0.47 ms, found 0 plugins.
Preloading 0 native plugins for Editor in 0.00 ms.
Unloading 1792 Unused Serialized files (Serialized files now loaded: 0)
System memory in use before: 185.6 MB.
System memory in use after: 185.7 MB.

Unloading 6 unused Assets to reduce memory usage. Loaded Objects now: 2402.
Total: 2.094900 ms (FindLiveObjects: 0.319000 ms CreateObjectMapping: 0.063500 ms MarkObjects: 1.623300 ms  DeleteObjects: 0.088100 ms)

========================================================================
Received Prepare
Registering precompiled user dll's ...
Registered in 0.000818 seconds.
Begin MonoManager ReloadAssembly
Native extension for WindowsStandalone target not found
Refreshing native plugins compatible for Editor in 0.44 ms, found 0 plugins.
Preloading 0 native plugins for Editor in 0.00 ms.
System.NullReferenceException: Object reference not set to an instance of an object
  at NWH.Common.WelcomeMessage.WelcomeMessage..cctor () [0x0000e] in C:\Users\USER\WSL\AutoPilotSimulator\Driving Simulator\Assets\NWH\Common\Scripts\AssetInfo\WelcomeMessage\Editor\WelcomeMessage.cs:17 
UnityEngine.StackTraceUtility:ExtractStackTrace ()
UnityEngine.DebugLogHandler:LogFormat (UnityEngine.LogType,UnityEngine.Object,string,object[])
UnityEngine.Logger:Log (UnityEngine.LogType,object)
UnityEngine.Debug:LogError (object)
UnityEditor.EditorAssemblies:ProcessInitializeOnLoadAttributes (System.Type[])

Mono: successfully reloaded assembly
- Completed reload, in  0.575 seconds
Platform modules already initialized, skipping
Refreshing native plugins compatible for Editor in 0.53 ms, found 0 plugins.
Preloading 0 native plugins for Editor in 0.00 ms.
Unloading 1792 Unused Serialized files (Serialized files now loaded: 0)
System memory in use before: 185.6 MB.
System memory in use after: 185.7 MB.

Unloading 6 unused Assets to reduce memory usage. Loaded Objects now: 2405.
Total: 1.986000 ms (FindLiveObjects: 0.298200 ms CreateObjectMapping: 0.065600 ms MarkObjects: 1.542800 ms  DeleteObjects: 0.078300 ms)

========================================================================
Received Prepare
Registering precompiled user dll's ...
Registered in 0.000744 seconds.
Begin MonoManager ReloadAssembly
Native extension for WindowsStandalone target not found
Refreshing native plugins compatible for Editor in 0.44 ms, found 0 plugins.
Preloading 0 native plugins for Editor in 0.00 ms.
System.NullReferenceException: Object reference not set to an instance of an object
  at NWH.Common.WelcomeMessage.WelcomeMessage..cctor () [0x0000e] in C:\Users\USER\WSL\AutoPilotSimulator\Driving Simulator\Assets\NWH\Common\Scripts\AssetInfo\WelcomeMessage\Editor\WelcomeMessage.cs:17 
UnityEngine.StackTraceUtility:ExtractStackTrace ()
UnityEngine.DebugLogHandler:LogFormat (UnityEngine.LogType,UnityEngine.Object,string,object[])
UnityEngine.Logger:Log (UnityEngine.LogType,object)
UnityEngine.Debug:LogError (object)
UnityEditor.EditorAssemblies:ProcessInitializeOnLoadAttributes (System.Type[])

Mono: successfully reloaded assembly
- Completed reload, in  0.575 seconds
Platform modules already initialized, skipping
Refreshing native plugins compatible for Editor in 0.45 ms, found 0 plugins.
Preloading 0 native plugins for Editor in 0.00 ms.
Unloading 1792 Unused Serialized files (Serialized files now loaded: 0)
System memory in use before: 185.6 MB.
System memory in use after: 185.7 MB.

Unloading 6 unused Assets to reduce memory usage. Loaded Objects now: 2408.
Total: 1.776600 ms (FindLiveObjects: 0.191100 ms CreateObjectMapping: 0.058800 ms MarkObjects: 1.462500 ms  DeleteObjects: 0.063500 ms)

========================================================================
Received Prepare
Refreshing native plugins compatible for Editor in 1.05 ms, found 0 plugins.
Preloading 0 native plugins for Editor in 0.00 ms.
Unloading 3 Unused Serialized files (Serialized files now loaded: 0)
System memory in use before: 138.7 MB.
System memory in use after: 138.8 MB.

Unloading 3 unused Assets to reduce memory usage. Loaded Objects now: 2408.
Total: 1.928800 ms (FindLiveObjects: 0.257200 ms CreateObjectMapping: 0.045400 ms MarkObjects: 1.552500 ms  DeleteObjects: 0.072100 ms)

AssetImportWorkerClient::OnTransportError - code=2 error=End of file
